<?xml version="1.0" encoding="UTF-8"?>
<!-- Generated by org.testng.reporters.JUnitReportReporter -->
<testsuite hostname="1YMLN0M5MVQI0UL" name="takebag.DtTest" tests="2" failures="0" timestamp="6 Feb 2019 11:13:18 GMT" time="10.981" errors="0">
  <testcase name="CreateSchool" time="8.044" classname="takebag.DtTest"/>
  <testcase name="Login" time="2.937" classname="takebag.DtTest"/>
</testsuite> <!-- takebag.DtTest -->
