<?xml version="1.0" encoding="UTF-8"?>
<!-- Generated by org.testng.reporters.JUnitReportReporter -->
<testsuite skipped="0" hostname="1YMLN0M5MVQI0UL" name="pak.NewTest" tests="1" failures="0" timestamp="04 三月 2019 13:33:22 GMT" time="0.014" errors="0">
  <testcase name="f" time="0.014" classname="pak.NewTest"/>
</testsuite> <!-- pak.NewTest -->
