<?xml version="1.0" encoding="UTF-8"?>
<!-- Generated by org.testng.reporters.JUnitReportReporter -->
<testsuite skipped="0" hostname="0-187" name="yt.NewTest" tests="1" failures="0" timestamp="05 三月 2019 09:32:43 GMT" time="4.758" errors="0">
  <testcase name="f" time="4.758" classname="yt.NewTest"/>
</testsuite> <!-- yt.NewTest -->
