<?xml version="1.0" encoding="UTF-8"?>
<!-- Generated by org.testng.reporters.JUnitReportReporter -->
<testsuite skipped="0" hostname="0-187" name="takebag.Login" tests="1" failures="0" timestamp="14 二月 2019 03:34:53 GMT" time="5.546" errors="0">
  <testcase name="f" time="5.546" classname="takebag.Login"/>
</testsuite> <!-- takebag.Login -->
