<?xml version="1.0" encoding="UTF-8"?>
<!-- Generated by org.testng.reporters.JUnitReportReporter -->
<testsuite skipped="0" hostname="0-187" name="takebag.schoolManagement" tests="2" failures="0" timestamp="14 二月 2019 09:22:04 GMT" time="32.199" errors="0">
  <testcase name="Login" time="8.163" classname="takebag.schoolManagement"/>
  <testcase name="CreateSchool" time="24.036" classname="takebag.schoolManagement"/>
</testsuite> <!-- takebag.schoolManagement -->
