<?xml version="1.0" encoding="UTF-8"?>
<!-- Generated by org.testng.reporters.JUnitReportReporter -->
<testsuite skipped="0" hostname="1YMLN0M5MVQI0UL" name="forphant.phant" tests="1" failures="0" timestamp="02 三月 2019 06:57:21 GMT" time="3.335" errors="0">
  <testcase name="f" time="3.335" classname="forphant.phant"/>
</testsuite> <!-- forphant.phant -->
