<?xml version="1.0" encoding="UTF-8"?>
<!-- Generated by org.testng.reporters.JUnitReportReporter -->
<testsuite skipped="0" hostname="0-187" name="takebag.NewTest" tests="1" failures="0" timestamp="14 二月 2019 03:00:46 GMT" time="0.010" errors="0">
  <testcase name="f" time="0.010" classname="takebag.NewTest"/>
</testsuite> <!-- takebag.NewTest -->
