<?xml version="1.0" encoding="UTF-8"?>
<!-- Generated by org.testng.reporters.JUnitReportReporter -->
<testsuite skipped="0" hostname="0-187" name="takebag.userManagement" tests="1" failures="0" timestamp="14 二月 2019 09:22:04 GMT" time="8.531" errors="0">
  <testcase name="user" time="8.531" classname="takebag.userManagement"/>
</testsuite> <!-- takebag.userManagement -->
