<?xml version="1.0" encoding="UTF-8"?>
<!-- Generated by org.testng.reporters.JUnitReportReporter -->
<testsuite skipped="0" hostname="0-187" name="yt.userManagement" tests="1" failures="0" timestamp="13 三月 2019 01:51:29 GMT" time="0.001" errors="0">
  <testcase name="checkuser" time="0.001" classname="yt.userManagement"/>
</testsuite> <!-- yt.userManagement -->
