<?xml version="1.0" encoding="UTF-8"?>
<!-- Generated by org.testng.reporters.JUnitReportReporter -->
<testsuite skipped="0" hostname="0-187" name="yt.schoolManagement" tests="1" failures="0" timestamp="13 三月 2019 01:51:29 GMT" time="0.002" errors="0">
  <testcase name="createschool" time="0.002" classname="yt.schoolManagement"/>
</testsuite> <!-- yt.schoolManagement -->
