<?xml version="1.0" encoding="UTF-8"?>
<!-- Generated by org.testng.reporters.JUnitReportReporter -->
<testsuite skipped="0" hostname="0-187" name="takebag.contentManagement" tests="1" failures="0" timestamp="14 二月 2019 09:22:04 GMT" time="9.011" errors="0">
  <testcase name="f" time="9.011" classname="takebag.contentManagement"/>
</testsuite> <!-- takebag.contentManagement -->
