<?xml version="1.0" encoding="UTF-8"?>
<!-- Generated by org.testng.reporters.JUnitReportReporter -->
<testsuite hostname="1YMLN0M5MVQI0UL" name="takebag.NewTest2" tests="1" failures="0" timestamp="5 Feb 2019 11:07:33 GMT" time="0.000" errors="0">
  <testcase name="f" time="0.000" classname="takebag.NewTest2"/>
</testsuite> <!-- takebag.NewTest2 -->
